f:\c++ programming\cms\x64\release\vc143.pdb
f:\c++ programming\cms\x64\release\cases.nativecodeanalysis.sarif
f:\c++ programming\cms\x64\release\cases.nativecodeanalysis.xml
f:\c++ programming\cms\x64\release\crimedetails.nativecodeanalysis.sarif
f:\c++ programming\cms\x64\release\crimedetails.nativecodeanalysis.xml
f:\c++ programming\cms\x64\release\criminals.nativecodeanalysis.sarif
f:\c++ programming\cms\x64\release\criminals.nativecodeanalysis.xml
f:\c++ programming\cms\x64\release\evidences.nativecodeanalysis.sarif
f:\c++ programming\cms\x64\release\evidences.nativecodeanalysis.xml
f:\c++ programming\cms\x64\release\fir.nativecodeanalysis.sarif
f:\c++ programming\cms\x64\release\fir.nativecodeanalysis.xml
f:\c++ programming\cms\x64\release\forensics.nativecodeanalysis.sarif
f:\c++ programming\cms\x64\release\forensics.nativecodeanalysis.xml
f:\c++ programming\cms\x64\release\main.nativecodeanalysis.sarif
f:\c++ programming\cms\x64\release\main.nativecodeanalysis.xml
f:\c++ programming\cms\x64\release\myform.nativecodeanalysis.sarif
f:\c++ programming\cms\x64\release\myform.nativecodeanalysis.xml
f:\c++ programming\cms\x64\release\officers.nativecodeanalysis.sarif
f:\c++ programming\cms\x64\release\officers.nativecodeanalysis.xml
f:\c++ programming\cms\x64\release\weapons.nativecodeanalysis.sarif
f:\c++ programming\cms\x64\release\weapons.nativecodeanalysis.xml
f:\c++ programming\cms\x64\release\.netframework,version=v4.7.2.assemblyattributes.nativecodeanalysis.sarif
f:\c++ programming\cms\x64\release\.netframework,version=v4.7.2.assemblyattributes.nativecodeanalysis.xml
f:\c++ programming\cms\x64\release\.netframework,version=v4.7.2.assemblyattributes.obj
f:\c++ programming\cms\x64\release\weapons.obj
f:\c++ programming\cms\x64\release\officers.obj
f:\c++ programming\cms\x64\release\myform.obj
f:\c++ programming\cms\x64\release\main.obj
f:\c++ programming\cms\x64\release\forensics.obj
f:\c++ programming\cms\x64\release\fir.obj
f:\c++ programming\cms\x64\release\evidences.obj
f:\c++ programming\cms\x64\release\criminals.obj
f:\c++ programming\cms\x64\release\crimedetails.obj
f:\c++ programming\cms\x64\release\cases.obj
f:\c++ programming\cms\x64\release\cms.exe
f:\c++ programming\cms\x64\release\cms.pdb
f:\c++ programming\cms\x64\release\vc.nativecodeanalysis.all.xml
f:\c++ programming\cms\x64\release\cms.exe.metagen
f:\c++ programming\cms\x64\release\cms.tlog\cl.command.1.tlog
f:\c++ programming\cms\x64\release\cms.tlog\cl.read.1.tlog
f:\c++ programming\cms\x64\release\cms.tlog\cl.write.1.tlog
f:\c++ programming\cms\x64\release\cms.tlog\link.command.1.tlog
f:\c++ programming\cms\x64\release\cms.tlog\link.read.1.tlog
f:\c++ programming\cms\x64\release\cms.tlog\link.write.1.tlog
f:\c++ programming\cms\x64\release\cms.tlog\metagen.read.1.tlog
f:\c++ programming\cms\x64\release\cms.tlog\metagen.write.1.tlog
f:\c++ programming\cms\x64\release\cms.tlog\resgen.command.1.tlog
f:\c++ programming\cms\x64\release\cms.tlog\resgen.read.1.tlog
f:\c++ programming\cms\x64\release\cms.tlog\resgen.write.1.tlog
